2018-03-25T15:54:22+00:00 CRITICAL Uncaught Error: Cannot use object of type WP_Error as array in Z:\Server\Apache24\htdocs\mycustomjournal\wp-content\plugins\my-custom-journal\templates\single-template.php:25
Stack trace:
#0 Z:\Server\Apache24\htdocs\mycustomjournal\wp-includes\template-loader.php(74): include()
#1 Z:\Server\Apache24\htdocs\mycustomjournal\wp-blog-header.php(19): require_once('Z:\\Server\\Apach...')
#2 Z:\Server\Apache24\htdocs\mycustomjournal\index.php(17): require('Z:\\Server\\Apach...')
#3 {main}
  thrown

2018-03-25T19:38:29+00:00 CRITICAL Uncaught Error: Cannot use object of type WP_REST_Response as array in Z:\Server\Apache24\htdocs\mycustomjournal\wp-content\plugins\my-custom-journal\templates\single-template.php:79
Stack trace:
#0 Z:\Server\Apache24\htdocs\mycustomjournal\wp-includes\template-loader.php(74): include()
#1 Z:\Server\Apache24\htdocs\mycustomjournal\wp-blog-header.php(19): require_once('Z:\\Server\\Apach...')
#2 Z:\Server\Apache24\htdocs\mycustomjournal\index.php(17): require('Z:\\Server\\Apach...')
#3 {main}
  thrown

2018-03-25T20:18:41+00:00 CRITICAL Uncaught Error: Call to undefined function list_author_used_terms() in Z:\Server\Apache24\htdocs\mycustomjournal\wp-content\plugins\my-custom-journal\templates\single-template.php:106
Stack trace:
#0 Z:\Server\Apache24\htdocs\mycustomjournal\wp-includes\template-loader.php(74): include()
#1 Z:\Server\Apache24\htdocs\mycustomjournal\wp-blog-header.php(19): require_once('Z:\\Server\\Apach...')
#2 Z:\Server\Apache24\htdocs\mycustomjournal\index.php(17): require('Z:\\Server\\Apach...')
#3 {main}
  thrown

2018-03-26T18:09:23+00:00 CRITICAL Uncaught Error: Call to a member function add_cap() on null in Z:\Server\Apache24\htdocs\mycustomjournal\wp-content\plugins\my-custom-journal\includes\class-my-custom-journal.php:117
Stack trace:
#0 Z:\Server\Apache24\htdocs\mycustomjournal\wp-includes\class-wp-hook.php(286): MyCustomJournal->admin_products('')
#1 Z:\Server\Apache24\htdocs\mycustomjournal\wp-includes\class-wp-hook.php(310): WP_Hook->apply_filters(NULL, Array)
#2 Z:\Server\Apache24\htdocs\mycustomjournal\wp-includes\plugin.php(453): WP_Hook->do_action(Array)
#3 Z:\Server\Apache24\htdocs\mycustomjournal\wp-admin\includes\menu.php(149): do_action('admin_menu', '')
#4 Z:\Server\Apache24\htdocs\mycustomjournal\wp-admin\menu.php(286): require_once('Z:\\Server\\Apach...')
#5 Z:\Server\Apache24\htdocs\mycustomjournal\wp-admin\admin.php(140): require('Z:\\Server\\Apach...')
#6 Z:\Server\Apache24\htdocs\mycustomjournal\wp-admin\index.php(10): require_once('Z:\\Server\\Apach...')
#7 {main}
  thrown

2018-03-26T18:13:29+00:00 CRITICAL Uncaught Error: Call to a member function add_cap() on null in Z:\Server\Apache24\htdocs\mycustomjournal\wp-content\plugins\my-custom-journal\includes\class-my-custom-journal.php:117
Stack trace:
#0 Z:\Server\Apache24\htdocs\mycustomjournal\wp-includes\class-wp-hook.php(286): MyCustomJournal->admin_products('')
#1 Z:\Server\Apache24\htdocs\mycustomjournal\wp-includes\class-wp-hook.php(310): WP_Hook->apply_filters(NULL, Array)
#2 Z:\Server\Apache24\htdocs\mycustomjournal\wp-includes\plugin.php(453): WP_Hook->do_action(Array)
#3 Z:\Server\Apache24\htdocs\mycustomjournal\wp-admin\includes\menu.php(149): do_action('admin_menu', '')
#4 Z:\Server\Apache24\htdocs\mycustomjournal\wp-admin\menu.php(286): require_once('Z:\\Server\\Apach...')
#5 Z:\Server\Apache24\htdocs\mycustomjournal\wp-admin\admin.php(140): require('Z:\\Server\\Apach...')
#6 Z:\Server\Apache24\htdocs\mycustomjournal\wp-admin\index.php(10): require_once('Z:\\Server\\Apach...')
#7 {main}
  thrown

2018-03-26T18:14:06+00:00 CRITICAL Uncaught Error: Call to a member function add_cap() on null in Z:\Server\Apache24\htdocs\mycustomjournal\wp-content\plugins\my-custom-journal\includes\class-my-custom-journal.php:117
Stack trace:
#0 Z:\Server\Apache24\htdocs\mycustomjournal\wp-includes\class-wp-hook.php(286): MyCustomJournal->admin_products('')
#1 Z:\Server\Apache24\htdocs\mycustomjournal\wp-includes\class-wp-hook.php(310): WP_Hook->apply_filters(NULL, Array)
#2 Z:\Server\Apache24\htdocs\mycustomjournal\wp-includes\plugin.php(453): WP_Hook->do_action(Array)
#3 Z:\Server\Apache24\htdocs\mycustomjournal\wp-admin\includes\menu.php(149): do_action('admin_menu', '')
#4 Z:\Server\Apache24\htdocs\mycustomjournal\wp-admin\menu.php(286): require_once('Z:\\Server\\Apach...')
#5 Z:\Server\Apache24\htdocs\mycustomjournal\wp-admin\admin.php(140): require('Z:\\Server\\Apach...')
#6 Z:\Server\Apache24\htdocs\mycustomjournal\wp-admin\index.php(10): require_once('Z:\\Server\\Apach...')
#7 {main}
  thrown

2018-03-26T20:48:13+00:00 CRITICAL Uncaught ArgumentCountError: Too few arguments to function remove_submenu_page(), 1 passed in Z:\Server\Apache24\htdocs\mycustomjournal\wp-content\plugins\my-custom-journal\includes\class-my-custom-journal.php on line 103 and exactly 2 expected in Z:\Server\Apache24\htdocs\mycustomjournal\wp-admin\includes\plugin.php:1453
Stack trace:
#0 Z:\Server\Apache24\htdocs\mycustomjournal\wp-content\plugins\my-custom-journal\includes\class-my-custom-journal.php(103): remove_submenu_page('post-new.php?po...')
#1 Z:\Server\Apache24\htdocs\mycustomjournal\wp-includes\class-wp-hook.php(286): MyCustomJournal->remove_menus('')
#2 Z:\Server\Apache24\htdocs\mycustomjournal\wp-includes\class-wp-hook.php(310): WP_Hook->apply_filters(NULL, Array)
#3 Z:\Server\Apache24\htdocs\mycustomjournal\wp-includes\plugin.php(453): WP_Hook->do_action(Array)
#4 Z:\Server\Apache24\htdocs\mycustomjournal\wp-admin\includes\menu.php(149): do_action('admin_menu', '')
#5 Z:\Server\Apache24\htdocs\mycustomjournal\wp-admin\menu.php(286): require_once(

2018-03-26T20:48:22+00:00 CRITICAL Uncaught ArgumentCountError: Too few arguments to function remove_submenu_page(), 1 passed in Z:\Server\Apache24\htdocs\mycustomjournal\wp-content\plugins\my-custom-journal\includes\class-my-custom-journal.php on line 103 and exactly 2 expected in Z:\Server\Apache24\htdocs\mycustomjournal\wp-admin\includes\plugin.php:1453
Stack trace:
#0 Z:\Server\Apache24\htdocs\mycustomjournal\wp-content\plugins\my-custom-journal\includes\class-my-custom-journal.php(103): remove_submenu_page('post-new.php?po...')
#1 Z:\Server\Apache24\htdocs\mycustomjournal\wp-includes\class-wp-hook.php(286): MyCustomJournal->remove_menus('')
#2 Z:\Server\Apache24\htdocs\mycustomjournal\wp-includes\class-wp-hook.php(310): WP_Hook->apply_filters(NULL, Array)
#3 Z:\Server\Apache24\htdocs\mycustomjournal\wp-includes\plugin.php(453): WP_Hook->do_action(Array)
#4 Z:\Server\Apache24\htdocs\mycustomjournal\wp-admin\includes\menu.php(149): do_action('admin_menu', '')
#5 Z:\Server\Apache24\htdocs\mycustomjournal\wp-admin\menu.php(286): require_once(

2018-03-26T22:06:30+00:00 CRITICAL Uncaught Error: Call to undefined function wpse50201_is_template() in Z:\Server\Apache24\htdocs\mycustomjournal\wp-content\plugins\my-custom-journal\includes\class-my-custom-journal.php:116
Stack trace:
#0 Z:\Server\Apache24\htdocs\mycustomjournal\wp-includes\class-wp-hook.php(286): MyCustomJournal->wpse50201_set_template('Z:\\Server\\Apach...')
#1 Z:\Server\Apache24\htdocs\mycustomjournal\wp-includes\plugin.php(203): WP_Hook->apply_filters('Z:\\Server\\Apach...', Array)
#2 Z:\Server\Apache24\htdocs\mycustomjournal\wp-includes\template-loader.php(73): apply_filters('template_includ...', 'Z:\\Server\\Apach...')
#3 Z:\Server\Apache24\htdocs\mycustomjournal\wp-blog-header.php(19): require_once('Z:\\Server\\Apach...')
#4 Z:\Server\Apache24\htdocs\mycustomjournal\index.php(17): require('Z:\\Server\\Apach...')
#5 {main}
  thrown

2018-03-26T22:06:57+00:00 CRITICAL Uncaught Error: Call to undefined function wpse50201_is_template() in Z:\Server\Apache24\htdocs\mycustomjournal\wp-content\plugins\my-custom-journal\includes\class-my-custom-journal.php:116
Stack trace:
#0 Z:\Server\Apache24\htdocs\mycustomjournal\wp-includes\class-wp-hook.php(286): MyCustomJournal->wpse50201_set_template('Z:\\Server\\Apach...')
#1 Z:\Server\Apache24\htdocs\mycustomjournal\wp-includes\plugin.php(203): WP_Hook->apply_filters('Z:\\Server\\Apach...', Array)
#2 Z:\Server\Apache24\htdocs\mycustomjournal\wp-includes\template-loader.php(73): apply_filters('template_includ...', 'Z:\\Server\\Apach...')
#3 Z:\Server\Apache24\htdocs\mycustomjournal\wp-blog-header.php(19): require_once('Z:\\Server\\Apach...')
#4 Z:\Server\Apache24\htdocs\mycustomjournal\index.php(17): require('Z:\\Server\\Apach...')
#5 {main}
  thrown

2018-03-26T22:07:14+00:00 CRITICAL Uncaught Error: Call to undefined function wpse50201_is_template() in Z:\Server\Apache24\htdocs\mycustomjournal\wp-content\plugins\my-custom-journal\includes\class-my-custom-journal.php:116
Stack trace:
#0 Z:\Server\Apache24\htdocs\mycustomjournal\wp-includes\class-wp-hook.php(286): MyCustomJournal->wpse50201_set_template('Z:\\Server\\Apach...')
#1 Z:\Server\Apache24\htdocs\mycustomjournal\wp-includes\plugin.php(203): WP_Hook->apply_filters('Z:\\Server\\Apach...', Array)
#2 Z:\Server\Apache24\htdocs\mycustomjournal\wp-includes\template-loader.php(73): apply_filters('template_includ...', 'Z:\\Server\\Apach...')
#3 Z:\Server\Apache24\htdocs\mycustomjournal\wp-blog-header.php(19): require_once('Z:\\Server\\Apach...')
#4 Z:\Server\Apache24\htdocs\mycustomjournal\index.php(17): require('Z:\\Server\\Apach...')
#5 {main}
  thrown

2018-03-26T22:53:24+00:00 CRITICAL Uncaught Error: Call to undefined function http://localhost/mycustomjournal/template/30-days-template-2/() in Z:\Server\Apache24\htdocs\mycustomjournal\wp-content\plugins\my-custom-journal\templates\category-template.php:37
Stack trace:
#0 Z:\Server\Apache24\htdocs\mycustomjournal\wp-includes\template-loader.php(74): include()
#1 Z:\Server\Apache24\htdocs\mycustomjournal\wp-blog-header.php(19): require_once('Z:\\Server\\Apach...')
#2 Z:\Server\Apache24\htdocs\mycustomjournal\index.php(17): require('Z:\\Server\\Apach...')
#3 {main}
  thrown

2018-03-28T13:52:30+00:00 CRITICAL Uncaught Error: Call to undefined function issert() in Z:\Server\Apache24\htdocs\mycustomjournal\wp-content\plugins\my-custom-journal\includes\template-post-type.php:60
Stack trace:
#0 Z:\Server\Apache24\htdocs\mycustomjournal\wp-includes\class-wp-hook.php(288): base_price_box_save(268)
#1 Z:\Server\Apache24\htdocs\mycustomjournal\wp-includes\class-wp-hook.php(310): WP_Hook->apply_filters(NULL, Array)
#2 Z:\Server\Apache24\htdocs\mycustomjournal\wp-includes\plugin.php(453): WP_Hook->do_action(Array)
#3 Z:\Server\Apache24\htdocs\mycustomjournal\wp-includes\post.php(3581): do_action('save_post', 268, Object(WP_Post), false)
#4 Z:\Server\Apache24\htdocs\mycustomjournal\wp-admin\includes\post.php(608): wp_insert_post(Array)
#5 Z:\Server\Apache24\htdocs\mycustomjournal\wp-admin\post-new.php(70): get_default_post_to_edit('template', true)
#6 {main}
  thrown

2018-03-28T13:52:31+00:00 CRITICAL Uncaught Error: Call to undefined function issert() in Z:\Server\Apache24\htdocs\mycustomjournal\wp-content\plugins\my-custom-journal\includes\template-post-type.php:60
Stack trace:
#0 Z:\Server\Apache24\htdocs\mycustomjournal\wp-includes\class-wp-hook.php(288): base_price_box_save(269)
#1 Z:\Server\Apache24\htdocs\mycustomjournal\wp-includes\class-wp-hook.php(310): WP_Hook->apply_filters(NULL, Array)
#2 Z:\Server\Apache24\htdocs\mycustomjournal\wp-includes\plugin.php(453): WP_Hook->do_action(Array)
#3 Z:\Server\Apache24\htdocs\mycustomjournal\wp-includes\post.php(3581): do_action('save_post', 269, Object(WP_Post), false)
#4 Z:\Server\Apache24\htdocs\mycustomjournal\wp-admin\includes\post.php(608): wp_insert_post(Array)
#5 Z:\Server\Apache24\htdocs\mycustomjournal\wp-admin\post-new.php(70): get_default_post_to_edit('template', true)
#6 {main}
  thrown

